<?xml version="1.0" encoding="UTF-8"?>
<!-- Generated by org.testng.reporters.JUnitReportReporter -->
<testsuite hostname="WABTEC-SHIHARA" failures="0" tests="8" name="cucumberOptions.testNGRunner" time="0.143" errors="0" timestamp="2025-10-10T21:01:24 IST" skipped="0">
  <testcase classname="cucumberOptions.testNGRunner" name="runScenario" time="0.013"/>
  <testcase classname="cucumberOptions.testNGRunner" name="runScenario" time="0.012"/>
  <testcase classname="cucumberOptions.testNGRunner" name="runScenario" time="0.004"/>
  <testcase classname="cucumberOptions.testNGRunner" name="runScenario" time="0.014"/>
  <testcase classname="cucumberOptions.testNGRunner" name="runScenario" time="0.008"/>
  <testcase classname="cucumberOptions.testNGRunner" name="runScenario" time="0.079"/>
  <testcase classname="cucumberOptions.testNGRunner" name="runScenario" time="0.008"/>
  <testcase classname="cucumberOptions.testNGRunner" name="runScenario" time="0.005"/>
</testsuite> <!-- cucumberOptions.testNGRunner -->
